<?xml version="1.0" encoding="UTF-8"?>
<!-- Generated by org.testng.reporters.JUnitReportReporter -->
<testsuite skipped="0" hostname="DESKTOP-079II07" name="packegeDemo1.TestNgClass" tests="4" failures="0" timestamp="2020-10-30T07:02:08 IST" time="0.010" errors="0">
  <testcase name="honda" time="0.001" classname="packegeDemo1.TestNgClass"/>
  <system-out/>
  <testcase name="car" time="0.007" classname="packegeDemo1.TestNgClass"/>
  <system-out/>
  <testcase name="audi" time="0.001" classname="packegeDemo1.TestNgClass"/>
  <system-out/>
  <testcase name="bmw" time="0.001" classname="packegeDemo1.TestNgClass"/>
  <system-out/>
</testsuite> <!-- packegeDemo1.TestNgClass -->
