<?xml version="1.0" encoding="UTF-8"?>
<!-- Generated by org.testng.reporters.JUnitReportReporter -->
<testsuite hostname="viveks-MacBook-Air.local" failures="0" tests="4" name="com.qa.opencart.tests.LoginPageTest" time="12.902" errors="0" timestamp="2024-07-16T09:55:44 IST" skipped="0">
  <testcase classname="com.qa.opencart.tests.LoginPageTest" name="loginPageTitleTest" time="0.131"/>
  <testcase classname="com.qa.opencart.tests.LoginPageTest" name="loginPageUrlTest" time="5.171"/>
  <testcase classname="com.qa.opencart.tests.LoginPageTest" name="forgotpwdLinkExitTest" time="1.338"/>
  <testcase classname="com.qa.opencart.tests.LoginPageTest" name="loginTest" time="6.262"/>
</testsuite> <!-- com.qa.opencart.tests.LoginPageTest -->
