<?xml version="1.0" encoding="UTF-8"?>
<!-- Generated by org.testng.reporters.JUnitReportReporter -->
<testsuite hostname="viveks-MacBook-Air.local" failures="0" tests="4" name="com.qa.opencart.tests.LoginPageTest" time="13.170" errors="0" timestamp="2024-07-20T13:35:59 IST" skipped="0">
  <testcase classname="com.qa.opencart.tests.LoginPageTest" name="loginPageTitleTest" time="0.090"/>
  <testcase classname="com.qa.opencart.tests.LoginPageTest" name="loginPageUrlTest" time="5.140"/>
  <testcase classname="com.qa.opencart.tests.LoginPageTest" name="forgotpwdLinkExitTest" time="1.329"/>
  <testcase classname="com.qa.opencart.tests.LoginPageTest" name="loginTest" time="6.611"/>
</testsuite> <!-- com.qa.opencart.tests.LoginPageTest -->
